<?xml version="1.0" encoding="UTF-8" ?>
<testsuite tests="6" failures="0" name="edu.ap4.desarrollador_java_inicial.clase6.CalculadoraTest" time="0.009" errors="0" skipped="0">
  <properties>
[...]
</properties>
  <testcase classname="edu.ap4.desarrollador_java_inicial.clase6.CalculadoraTest" name="testSumar" time="0.006"/>
  <testcase classname="edu.ap4.desarrollador_java_inicial.clase6.CalculadoraTest" name="testMultiplicar" time="0"/>
  <testcase classname="edu.ap4.desarrollador_java_inicial.clase6.CalculadoraTest" name="testDividir" time="0"/>
  <testcase classname="edu.ap4.desarrollador_java_inicial.clase6.CalculadoraTest" name="testMultiplicar2" time="0.001"/>
  <testcase classname="edu.ap4.desarrollador_java_inicial.clase6.CalculadoraTest" name="testMultiplicar3" time="0.002"/>
  <testcase classname="edu.ap4.desarrollador_java_inicial.clase6.CalculadoraTest" name="testRestar" time="0"/>
</testsuite>