<?xml version="1.0" encoding="UTF-8" ?>
<testsuite tests="2" failures="0" name="edu.ap4.desarrollador_java_inicial.clase6.CalculadoraTest" time="0.155" errors="2" skipped="0">
  <properties>
[...]
</properties>
  <testcase classname="edu.ap4.desarrollador_java_inicial.clase6.CalculadoraTest" name="edu.ap4.desarrollador_java_inicial.clase6.CalculadoraTest" time="0.077">
    <error type="java.lang.ExceptionInInitializerError">java.lang.ExceptionInInitializerError
	at java.base/jdk.internal.misc.Unsafe.ensureClassInitialized0(Native Method)
	at java.base/jdk.internal.misc.Unsafe.ensureClassInitialized(Unsafe.java:1160)
	at java.base/jdk.internal.reflect.MethodHandleAccessorFactory.ensureClassInitialized(MethodHandleAccessorFactory.java:300)
	at java.base/jdk.internal.reflect.MethodHandleAccessorFactory.newMethodAccessor(MethodHandleAccessorFactory.java:71)
	at java.base/jdk.internal.reflect.ReflectionFactory.newMethodAccessor(ReflectionFactory.java:159)
	at java.base/java.lang.reflect.Method.acquireMethodAccessor(Method.java:720)
	at java.base/java.lang.reflect.Method.invoke(Method.java:575)
	at org.junit.runners.model.FrameworkMethod$1.runReflectiveCall(FrameworkMethod.java:59)
	at org.junit.internal.runners.model.ReflectiveCallable.run(ReflectiveCallable.java:12)
	at org.junit.runners.model.FrameworkMethod.invokeExplosively(FrameworkMethod.java:56)
	at org.junit.internal.runners.statements.RunBefores.invokeMethod(RunBefores.java:33)
	at org.junit.internal.runners.statements.RunBefores.evaluate(RunBefores.java:24)
	at org.junit.internal.runners.statements.RunAfters.evaluate(RunAfters.java:27)
	at org.junit.runners.ParentRunner$3.evaluate(ParentRunner.java:306)
	at org.junit.runners.ParentRunner.run(ParentRunner.java:413)
	at org.apache.maven.surefire.junit4.JUnit4Provider.execute(JUnit4Provider.java:242)
	at org.apache.maven.surefire.junit4.JUnit4Provider.executeTestSet(JUnit4Provider.java:137)
	at org.apache.maven.surefire.junit4.JUnit4Provider.invoke(JUnit4Provider.java:112)
	at java.base/jdk.internal.reflect.DirectMethodHandleAccessor.invoke(DirectMethodHandleAccessor.java:104)
	at java.base/java.lang.reflect.Method.invoke(Method.java:578)
	at org.apache.maven.surefire.util.ReflectionUtils.invokeMethodWithArray(ReflectionUtils.java:189)
	at org.apache.maven.surefire.booter.ProviderFactory$ProviderProxy.invoke(ProviderFactory.java:165)
	at org.apache.maven.surefire.booter.ProviderFactory.invokeProvider(ProviderFactory.java:85)
	at org.apache.maven.surefire.booter.ForkedBooter.runSuitesInProcess(ForkedBooter.java:115)
	at org.apache.maven.surefire.booter.ForkedBooter.main(ForkedBooter.java:75)
Caused by: java.lang.RuntimeException: Uncompilable code - method setUpClass() is already defined in class edu.ap4.desarrollador_java_inicial.clase6.CalculadoraTest
	at edu.ap4.desarrollador_java_inicial.clase6.CalculadoraTest.&lt;clinit&gt;(CalculadoraTest.java:1)
	... 25 more
</error>
  </testcase>
  <testcase classname="edu.ap4.desarrollador_java_inicial.clase6.CalculadoraTest" name="edu.ap4.desarrollador_java_inicial.clase6.CalculadoraTest" time="0.078">
    <error message="Could not initialize class edu.ap4.desarrollador_java_inicial.clase6.CalculadoraTest" type="java.lang.NoClassDefFoundError">java.lang.NoClassDefFoundError: Could not initialize class edu.ap4.desarrollador_java_inicial.clase6.CalculadoraTest
	at java.base/jdk.internal.misc.Unsafe.ensureClassInitialized0(Native Method)
	at java.base/jdk.internal.misc.Unsafe.ensureClassInitialized(Unsafe.java:1160)
	at java.base/jdk.internal.reflect.MethodHandleAccessorFactory.ensureClassInitialized(MethodHandleAccessorFactory.java:300)
	at java.base/jdk.internal.reflect.MethodHandleAccessorFactory.newMethodAccessor(MethodHandleAccessorFactory.java:71)
	at java.base/jdk.internal.reflect.ReflectionFactory.newMethodAccessor(ReflectionFactory.java:159)
	at java.base/java.lang.reflect.Method.acquireMethodAccessor(Method.java:720)
	at java.base/java.lang.reflect.Method.invoke(Method.java:575)
	at org.junit.runners.model.FrameworkMethod$1.runReflectiveCall(FrameworkMethod.java:59)
	at org.junit.internal.runners.model.ReflectiveCallable.run(ReflectiveCallable.java:12)
	at org.junit.runners.model.FrameworkMethod.invokeExplosively(FrameworkMethod.java:56)
	at org.junit.internal.runners.statements.RunAfters.invokeMethod(RunAfters.java:46)
	at org.junit.internal.runners.statements.RunAfters.evaluate(RunAfters.java:33)
	at org.junit.runners.ParentRunner$3.evaluate(ParentRunner.java:306)
	at org.junit.runners.ParentRunner.run(ParentRunner.java:413)
	at org.apache.maven.surefire.junit4.JUnit4Provider.execute(JUnit4Provider.java:242)
	at org.apache.maven.surefire.junit4.JUnit4Provider.executeTestSet(JUnit4Provider.java:137)
	at org.apache.maven.surefire.junit4.JUnit4Provider.invoke(JUnit4Provider.java:112)
	at java.base/jdk.internal.reflect.DirectMethodHandleAccessor.invoke(DirectMethodHandleAccessor.java:104)
	at java.base/java.lang.reflect.Method.invoke(Method.java:578)
	at org.apache.maven.surefire.util.ReflectionUtils.invokeMethodWithArray(ReflectionUtils.java:189)
	at org.apache.maven.surefire.booter.ProviderFactory$ProviderProxy.invoke(ProviderFactory.java:165)
	at org.apache.maven.surefire.booter.ProviderFactory.invokeProvider(ProviderFactory.java:85)
	at org.apache.maven.surefire.booter.ForkedBooter.runSuitesInProcess(ForkedBooter.java:115)
	at org.apache.maven.surefire.booter.ForkedBooter.main(ForkedBooter.java:75)
Caused by: java.lang.ExceptionInInitializerError: Exception java.lang.RuntimeException: Uncompilable code - method setUpClass() is already defined in class edu.ap4.desarrollador_java_inicial.clase6.CalculadoraTest [in thread &quot;main&quot;]
	at edu.ap4.desarrollador_java_inicial.clase6.CalculadoraTest.&lt;clinit&gt;(CalculadoraTest.java:1)
	at java.base/jdk.internal.misc.Unsafe.ensureClassInitialized0(Native Method)
	at java.base/jdk.internal.misc.Unsafe.ensureClassInitialized(Unsafe.java:1160)
	at java.base/jdk.internal.reflect.MethodHandleAccessorFactory.ensureClassInitialized(MethodHandleAccessorFactory.java:300)
	at java.base/jdk.internal.reflect.MethodHandleAccessorFactory.newMethodAccessor(MethodHandleAccessorFactory.java:71)
	at java.base/jdk.internal.reflect.ReflectionFactory.newMethodAccessor(ReflectionFactory.java:159)
	at java.base/java.lang.reflect.Method.acquireMethodAccessor(Method.java:720)
	at java.base/java.lang.reflect.Method.invoke(Method.java:575)
	at org.junit.runners.model.FrameworkMethod$1.runReflectiveCall(FrameworkMethod.java:59)
	at org.junit.internal.runners.model.ReflectiveCallable.run(ReflectiveCallable.java:12)
	at org.junit.runners.model.FrameworkMethod.invokeExplosively(FrameworkMethod.java:56)
	at org.junit.internal.runners.statements.RunBefores.invokeMethod(RunBefores.java:33)
	at org.junit.internal.runners.statements.RunBefores.evaluate(RunBefores.java:24)
	at org.junit.internal.runners.statements.RunAfters.evaluate(RunAfters.java:27)
	... 12 more
</error>
  </testcase>
</testsuite>